This file contains any messages produced by compilers while
running configure, to aid debugging if configure makes a mistake.

It was created by configure, which was
generated by GNU Autoconf 2.69.  Invocation command line was

  $ ./configure 

## --------- ##
## Platform. ##
## --------- ##

hostname = isel-virtualbox
uname -m = x86_64
uname -r = 5.4.0-169-generic
uname -s = Linux
uname -v = #187-Ubuntu SMP Thu Nov 23 14:52:28 UTC 2023

/usr/bin/uname -p = x86_64
/bin/uname -X     = unknown

/bin/arch              = x86_64
/usr/bin/arch -k       = unknown
/usr/convex/getsysinfo = unknown
/usr/bin/hostinfo      = unknown
/bin/machine           = unknown
/usr/bin/oslevel       = unknown
/bin/universe          = unknown

PATH: /home/isel/bin
PATH: /usr/local/sbin
PATH: /usr/local/bin
PATH: /usr/sbin
PATH: /usr/bin
PATH: /sbin
PATH: /bin
PATH: /usr/games
PATH: /usr/local/games
PATH: /snap/bin
PATH: /home/isel/bin
PATH: .
PATH: ../freetype-2.11.0/freetype-config
PATH: /home/isel/GIT/PGTB3/dependencies/freetype-2.11.0/freetype-config


## ----------- ##
## Core tests. ##
## ----------- ##

configure:2438: checking build system type
configure:2452: result: x86_64-pc-linux-gnu
configure:2472: checking host system type
configure:2485: result: x86_64-pc-linux-gnu
configure:2556: checking for gcc
configure:2572: found /usr/bin/gcc
configure:2583: result: gcc
configure:2812: checking for C compiler version
configure:2821: gcc --version >&5
gcc (Ubuntu 9.4.0-1ubuntu1~20.04.2) 9.4.0
Copyright (C) 2019 Free Software Foundation, Inc.
This is free software; see the source for copying conditions.  There is NO
warranty; not even for MERCHANTABILITY or FITNESS FOR A PARTICULAR PURPOSE.

configure:2832: $? = 0
configure:2821: gcc -v >&5
Using built-in specs.
COLLECT_GCC=gcc
COLLECT_LTO_WRAPPER=/usr/lib/gcc/x86_64-linux-gnu/9/lto-wrapper
OFFLOAD_TARGET_NAMES=nvptx-none:hsa
OFFLOAD_TARGET_DEFAULT=1
Target: x86_64-linux-gnu
Configured with: ../src/configure -v --with-pkgversion='Ubuntu 9.4.0-1ubuntu1~20.04.2' --with-bugurl=file:///usr/share/doc/gcc-9/README.Bugs --enable-languages=c,ada,c++,go,brig,d,fortran,objc,obj-c++,gm2 --prefix=/usr --with-gcc-major-version-only --program-suffix=-9 --program-prefix=x86_64-linux-gnu- --enable-shared --enable-linker-build-id --libexecdir=/usr/lib --without-included-gettext --enable-threads=posix --libdir=/usr/lib --enable-nls --enable-clocale=gnu --enable-libstdcxx-debug --enable-libstdcxx-time=yes --with-default-libstdcxx-abi=new --enable-gnu-unique-object --disable-vtable-verify --enable-plugin --enable-default-pie --with-system-zlib --with-target-system-zlib=auto --enable-objc-gc=auto --enable-multiarch --disable-werror --with-arch-32=i686 --with-abi=m64 --with-multilib-list=m32,m64,mx32 --enable-multilib --with-tune=generic --enable-offload-targets=nvptx-none=/build/gcc-9-9QDOt0/gcc-9-9.4.0/debian/tmp-nvptx/usr,hsa --without-cuda-driver --enable-checking=release --build=x86_64-linux-gnu --host=x86_64-linux-gnu --target=x86_64-linux-gnu
Thread model: posix
gcc version 9.4.0 (Ubuntu 9.4.0-1ubuntu1~20.04.2) 
configure:2832: $? = 0
configure:2821: gcc -V >&5
gcc: error: unrecognized command line option '-V'
gcc: fatal error: no input files
compilation terminated.
configure:2832: $? = 1
configure:2821: gcc -qversion >&5
gcc: error: unrecognized command line option '-qversion'; did you mean '--version'?
gcc: fatal error: no input files
compilation terminated.
configure:2832: $? = 1
configure:2852: checking whether the C compiler works
configure:2874: gcc    conftest.c  >&5
configure:2878: $? = 0
configure:2926: result: yes
configure:2929: checking for C compiler default output file name
configure:2931: result: a.out
configure:2937: checking for suffix of executables
configure:2944: gcc -o conftest    conftest.c  >&5
configure:2948: $? = 0
configure:2970: result: 
configure:2992: checking whether we are cross compiling
configure:3000: gcc -o conftest    conftest.c  >&5
configure:3004: $? = 0
configure:3011: ./conftest
configure:3015: $? = 0
configure:3003: result: no
configure:3008: checking for suffix of object files
configure:3030: gcc -c   conftest.c >&5
configure:3034: $? = 0
configure:3055: result: o
configure:3059: checking whether we are using the GNU C compiler
configure:3078: gcc -c   conftest.c >&5
configure:3078: $? = 0
configure:3087: result: yes
configure:3096: checking whether gcc accepts -g
configure:3116: gcc -c -g  conftest.c >&5
configure:3116: $? = 0
configure:3157: result: yes
configure:3174: checking for gcc option to accept ISO C89
configure:3237: gcc  -c -g -O2  conftest.c >&5
configure:3237: $? = 0
configure:3250: result: none needed
configure:3275: checking whether gcc understands -c and -o together
configure:3297: gcc -c conftest.c -o conftest2.o
configure:3300: $? = 0
configure:3297: gcc -c conftest.c -o conftest2.o
configure:3300: $? = 0
configure:3312: result: yes
configure:3329: checking for a sed that does not truncate output
configure:3393: result: /usr/bin/sed
configure:3411: checking for grep that handles long lines and -e
configure:3469: result: /usr/bin/grep
configure:3474: checking for egrep
configure:3536: result: /usr/bin/grep -E
configure:3541: checking for fgrep
configure:3603: result: /usr/bin/grep -F
configure:3638: checking for ld used by gcc
configure:3705: result: /usr/bin/ld
configure:3712: checking if the linker (/usr/bin/ld) is GNU ld
configure:3727: result: yes
configure:3739: checking for BSD- or MS-compatible name lister (nm)
configure:3788: result: /usr/bin/nm -B
configure:3906: checking the name lister (/usr/bin/nm -B) interface
configure:3944: gcc -c -g -O2  conftest.c >&5
configure:3947: /usr/bin/nm -B "conftest.o"
configure:3950: output
0000000000000000 B some_variable
configure:3920: result: BSD nm
configure:3923: checking whether ln -s works
configure:3927: result: yes
configure:3935: checking the maximum length of command line arguments
configure:4061: result: 1572864
configure:4078: checking whether the shell understands some XSI constructs
configure:4087: result: yes
configure:4091: checking whether the shell understands "+="
configure:4095: result: yes
configure:4130: checking for /usr/bin/ld option to reload object files
configure:4137: result: -r
configure:4206: checking for objdump
configure:4222: found /usr/bin/objdump
configure:4233: result: objdump
configure:4262: checking how to recognize dependent libraries
configure:4460: result: pass_all
configure:4520: checking for ar
configure:4536: found /usr/bin/ar
configure:4547: result: ar
configure:4625: checking for strip
configure:4641: found /usr/bin/strip
configure:4652: result: strip
configure:4724: checking for ranlib
configure:4740: found /usr/bin/ranlib
configure:4751: result: ranlib
configure:4841: checking command to parse /usr/bin/nm -B output from gcc object
configure:4959: gcc -c -g -O2  conftest.c >&5
configure:4962: $? = 0
configure:4966: /usr/bin/nm -B conftest.o \| sed -n -e 's/^.*[	 ]\([ABCDGIRSTW][ABCDGIRSTW]*\)[	 ][	 ]*\([_A-Za-z][_A-Za-z0-9]*\)$/\1 \2 \2/p' \> conftest.nm
configure:4969: $? = 0
configure:5023: gcc -o conftest -g -O2   conftest.c conftstm.o >&5
configure:5026: $? = 0
configure:5064: result: ok
configure:5160: gcc -c -g -O2  conftest.c >&5
configure:5163: $? = 0
configure:5876: checking how to run the C preprocessor
configure:5907: gcc -E  conftest.c
configure:5907: $? = 0
configure:5921: gcc -E  conftest.c
conftest.c:9:10: fatal error: ac_nonexistent.h: No such file or directory
    9 | #include <ac_nonexistent.h>
      |          ^~~~~~~~~~~~~~~~~~
compilation terminated.
configure:5921: $? = 1
configure: failed program was:
| /* confdefs.h */
| #define PACKAGE_NAME ""
| #define PACKAGE_TARNAME ""
| #define PACKAGE_VERSION ""
| #define PACKAGE_STRING ""
| #define PACKAGE_BUGREPORT ""
| #define PACKAGE_URL ""
| /* end confdefs.h.  */
| #include <ac_nonexistent.h>
configure:5946: result: gcc -E
configure:5966: gcc -E  conftest.c
configure:5966: $? = 0
configure:5980: gcc -E  conftest.c
conftest.c:9:10: fatal error: ac_nonexistent.h: No such file or directory
    9 | #include <ac_nonexistent.h>
      |          ^~~~~~~~~~~~~~~~~~
compilation terminated.
configure:5980: $? = 1
configure: failed program was:
| /* confdefs.h */
| #define PACKAGE_NAME ""
| #define PACKAGE_TARNAME ""
| #define PACKAGE_VERSION ""
| #define PACKAGE_STRING ""
| #define PACKAGE_BUGREPORT ""
| #define PACKAGE_URL ""
| /* end confdefs.h.  */
| #include <ac_nonexistent.h>
configure:6009: checking for ANSI C header files
configure:6029: gcc -c -g -O2  conftest.c >&5
configure:6029: $? = 0
configure:6102: gcc -o conftest -g -O2   conftest.c  >&5
configure:6102: $? = 0
configure:6102: ./conftest
configure:6102: $? = 0
configure:6113: result: yes
configure:6126: checking for sys/types.h
configure:6126: gcc -c -g -O2  conftest.c >&5
configure:6126: $? = 0
configure:6126: result: yes
configure:6126: checking for sys/stat.h
configure:6126: gcc -c -g -O2  conftest.c >&5
configure:6126: $? = 0
configure:6126: result: yes
configure:6126: checking for stdlib.h
configure:6126: gcc -c -g -O2  conftest.c >&5
configure:6126: $? = 0
configure:6126: result: yes
configure:6126: checking for string.h
configure:6126: gcc -c -g -O2  conftest.c >&5
configure:6126: $? = 0
configure:6126: result: yes
configure:6126: checking for memory.h
configure:6126: gcc -c -g -O2  conftest.c >&5
configure:6126: $? = 0
configure:6126: result: yes
configure:6126: checking for strings.h
configure:6126: gcc -c -g -O2  conftest.c >&5
configure:6126: $? = 0
configure:6126: result: yes
configure:6126: checking for inttypes.h
configure:6126: gcc -c -g -O2  conftest.c >&5
configure:6126: $? = 0
configure:6126: result: yes
configure:6126: checking for stdint.h
configure:6126: gcc -c -g -O2  conftest.c >&5
configure:6126: $? = 0
configure:6126: result: yes
configure:6126: checking for unistd.h
configure:6126: gcc -c -g -O2  conftest.c >&5
configure:6126: $? = 0
configure:6126: result: yes
configure:6140: checking for dlfcn.h
configure:6140: gcc -c -g -O2  conftest.c >&5
configure:6140: $? = 0
configure:6140: result: yes
configure:6622: checking for objdir
configure:6637: result: .libs
configure:6933: checking if gcc supports -fno-rtti -fno-exceptions
configure:6991: gcc -c -g -O2  -fno-rtti -fno-exceptions conftest.c >&5
cc1: warning: command line option '-fno-rtti' is valid for C++/D/ObjC++ but not for C
configure:6995: $? = 0
configure:6968: result: no
configure:6988: checking for gcc option to produce PIC
configure:7260: result: -fPIC -DPIC
configure:7272: checking if gcc PIC flag -fPIC -DPIC works
configure:7330: gcc -c -g -O2  -fPIC -DPIC -DPIC conftest.c >&5
configure:7334: $? = 0
configure:7307: result: yes
configure:7331: checking if gcc static flag -static works
configure:7359: result: yes
configure:7374: checking if gcc supports -c -o file.o
configure:7435: gcc -c -g -O2  -o out/conftest2.o conftest.c >&5
configure:7439: $? = 0
configure:7421: result: yes
configure:7429: checking if gcc supports -c -o file.o
configure:7476: result: yes
configure:7509: checking whether the gcc linker (/usr/bin/ld -m elf_x86_64) supports shared libraries
configure:8495: result: yes
configure:8532: checking whether -lc should be explicitly linked in
configure:8537: gcc -c -g -O2  conftest.c >&5
configure:8540: $? = 0
configure:8555: gcc -shared conftest.o  -v -Wl,-soname -Wl,conftest -o conftest 2\>\&1 \| /usr/bin/grep  -lc  \>/dev/null 2\>\&1
configure:8558: $? = 0
configure:8570: result: no
configure:8734: checking dynamic linker characteristics
configure:9169: gcc -o conftest -g -O2   -Wl,-rpath -Wl,/foo conftest.c  >&5
configure:9169: $? = 0
configure:9387: result: GNU/Linux ld.so
configure:9489: checking how to hardcode library paths into programs
configure:9514: result: immediate
configure:10034: checking whether stripping libraries is possible
configure:10039: result: yes
configure:10074: checking if libtool supports shared libraries
configure:10076: result: yes
configure:10079: checking whether to build shared libraries
configure:10100: result: yes
configure:10103: checking whether to build static libraries
configure:10107: result: yes
configure:7454: checking for a BSD-compatible install
configure:7522: result: /usr/bin/install -c
configure:7533: checking whether build environment is sane
configure:7588: result: yes
configure:7734: checking for a thread-safe mkdir -p
configure:7773: result: /usr/bin/mkdir -p
configure:7780: checking for gawk
configure:7810: result: no
configure:7780: checking for mawk
configure:7796: found /usr/bin/mawk
configure:7807: result: mawk
configure:7818: checking whether make sets $(MAKE)
configure:7840: result: yes
configure:7862: checking whether make supports the include directive
configure:7877: make -f confmf.GNU && cat confinc.out
this is the am__doit target
configure:7880: $? = 0
configure:7899: result: yes (GNU style)
configure:7932: checking whether make supports nested variables
configure:7949: result: yes
configure:8035: checking dependency style of gcc
configure:8146: result: gcc3
configure:8254: checking for gcc
configure:8281: result: gcc
configure:8510: checking for C compiler version
configure:8519: gcc --version >&5
gcc (Ubuntu 9.4.0-1ubuntu1~20.04.2) 9.4.0
Copyright (C) 2019 Free Software Foundation, Inc.
This is free software; see the source for copying conditions.  There is NO
warranty; not even for MERCHANTABILITY or FITNESS FOR A PARTICULAR PURPOSE.

configure:8530: $? = 0
configure:8519: gcc -v >&5
Using built-in specs.
COLLECT_GCC=gcc
COLLECT_LTO_WRAPPER=/usr/lib/gcc/x86_64-linux-gnu/9/lto-wrapper
OFFLOAD_TARGET_NAMES=nvptx-none:hsa
OFFLOAD_TARGET_DEFAULT=1
Target: x86_64-linux-gnu
Configured with: ../src/configure -v --with-pkgversion='Ubuntu 9.4.0-1ubuntu1~20.04.2' --with-bugurl=file:///usr/share/doc/gcc-9/README.Bugs --enable-languages=c,ada,c++,go,brig,d,fortran,objc,obj-c++,gm2 --prefix=/usr --with-gcc-major-version-only --program-suffix=-9 --program-prefix=x86_64-linux-gnu- --enable-shared --enable-linker-build-id --libexecdir=/usr/lib --without-included-gettext --enable-threads=posix --libdir=/usr/lib --enable-nls --enable-clocale=gnu --enable-libstdcxx-debug --enable-libstdcxx-time=yes --with-default-libstdcxx-abi=new --enable-gnu-unique-object --disable-vtable-verify --enable-plugin --enable-default-pie --with-system-zlib --with-target-system-zlib=auto --enable-objc-gc=auto --enable-multiarch --disable-werror --with-arch-32=i686 --with-abi=m64 --with-multilib-list=m32,m64,mx32 --enable-multilib --with-tune=generic --enable-offload-targets=nvptx-none=/build/gcc-9-9QDOt0/gcc-9-9.4.0/debian/tmp-nvptx/usr,hsa --without-cuda-driver --enable-checking=release --build=x86_64-linux-gnu --host=x86_64-linux-gnu --target=x86_64-linux-gnu
Thread model: posix
gcc version 9.4.0 (Ubuntu 9.4.0-1ubuntu1~20.04.2) 
configure:8530: $? = 0
configure:8519: gcc -V >&5
gcc: error: unrecognized command line option '-V'
gcc: fatal error: no input files
compilation terminated.
configure:8530: $? = 1
configure:8519: gcc -qversion >&5
gcc: error: unrecognized command line option '-qversion'; did you mean '--version'?
gcc: fatal error: no input files
compilation terminated.
configure:8530: $? = 1
configure:8534: checking whether we are using the GNU C compiler
configure:8562: result: yes
configure:8571: checking whether gcc accepts -g
configure:8632: result: yes
configure:8649: checking for gcc option to accept ISO C89
configure:8725: result: none needed
configure:8750: checking whether gcc understands -c and -o together
configure:8787: result: yes
configure:8805: checking whether make sets $(MAKE)
configure:8827: result: yes
configure:8845: checking for windres
configure:8875: result: no
configure:8845: checking for linux-gnu-windres
configure:8875: result: no
configure:8888: checking for size_t
configure:8888: gcc -c -g -O2  conftest.c >&5
configure:8888: $? = 0
configure:8888: gcc -c -g -O2  conftest.c >&5
conftest.c: In function 'main':
conftest.c:59:21: error: expected expression before ')' token
   59 | if (sizeof ((size_t)))
      |                     ^
configure:8888: $? = 1
configure: failed program was:
| /* confdefs.h */
| #define PACKAGE_NAME ""
| #define PACKAGE_TARNAME ""
| #define PACKAGE_VERSION ""
| #define PACKAGE_STRING ""
| #define PACKAGE_BUGREPORT ""
| #define PACKAGE_URL ""
| #define STDC_HEADERS 1
| #define HAVE_SYS_TYPES_H 1
| #define HAVE_SYS_STAT_H 1
| #define HAVE_STDLIB_H 1
| #define HAVE_STRING_H 1
| #define HAVE_MEMORY_H 1
| #define HAVE_STRINGS_H 1
| #define HAVE_INTTYPES_H 1
| #define HAVE_STDINT_H 1
| #define HAVE_UNISTD_H 1
| #define HAVE_DLFCN_H 1
| #define LT_OBJDIR ".libs/"
| #define PACKAGE "SDL2_ttf"
| #define VERSION "2.0.15"
| /* end confdefs.h.  */
| #include <stdio.h>
| #ifdef HAVE_SYS_TYPES_H
| # include <sys/types.h>
| #endif
| #ifdef HAVE_SYS_STAT_H
| # include <sys/stat.h>
| #endif
| #ifdef STDC_HEADERS
| # include <stdlib.h>
| # include <stddef.h>
| #else
| # ifdef HAVE_STDLIB_H
| #  include <stdlib.h>
| # endif
| #endif
| #ifdef HAVE_STRING_H
| # if !defined STDC_HEADERS && defined HAVE_MEMORY_H
| #  include <memory.h>
| # endif
| # include <string.h>
| #endif
| #ifdef HAVE_STRINGS_H
| # include <strings.h>
| #endif
| #ifdef HAVE_INTTYPES_H
| # include <inttypes.h>
| #endif
| #ifdef HAVE_STDINT_H
| # include <stdint.h>
| #endif
| #ifdef HAVE_UNISTD_H
| # include <unistd.h>
| #endif
| int
| main ()
| {
| if (sizeof ((size_t)))
| 	    return 0;
|   ;
|   return 0;
| }
configure:8888: result: yes
configure:8901: checking for working alloca.h
configure:8918: gcc -o conftest -g -O2   conftest.c  >&5
configure:8918: $? = 0
configure:8926: result: yes
configure:8934: checking for alloca
configure:8971: gcc -o conftest -g -O2   conftest.c  >&5
configure:8971: $? = 0
configure:8979: result: yes
configure:9166: checking for pkg-config
configure:9184: found /usr/bin/pkg-config
configure:9196: result: /usr/bin/pkg-config
configure:9221: checking pkg-config is at least version 0.9.0
configure:9224: result: yes
configure:9235: checking for FT2
configure:9243: $PKG_CONFIG --exists --print-errors "freetype2 >= 7.0.1"
configure:9246: $? = 0
configure:9261: $PKG_CONFIG --exists --print-errors "freetype2 >= 7.0.1"
configure:9264: $? = 0
configure:9914: result: yes
configure:9952: checking for SDL
configure:9960: $PKG_CONFIG --exists --print-errors "sdl2 >= $min_sdl_version"
configure:9963: $? = 0
configure:9978: $PKG_CONFIG --exists --print-errors "sdl2 >= $min_sdl_version"
configure:9981: $? = 0
configure:10017: result: yes
configure:10288: checking for X
configure:10396: gcc -E  conftest.c
configure:10396: $? = 0
configure:10427: gcc -o conftest -g -O2 -I/usr/include/freetype2 -I/usr/include/libpng16 -D_REENTRANT -I/usr/local/include/SDL2   conftest.c -lX11  -lfreetype -L/usr/local/lib -Wl,-rpath,/usr/local/lib -Wl,--enable-new-dtags -lSDL2 >&5
configure:10427: $? = 0
configure:10477: result: libraries , headers 
configure:10576: gcc -o conftest -g -O2 -I/usr/include/freetype2 -I/usr/include/libpng16 -D_REENTRANT -I/usr/local/include/SDL2   conftest.c  -lfreetype -L/usr/local/lib -Wl,-rpath,/usr/local/lib -Wl,--enable-new-dtags -lSDL2  -lX11 >&5
configure:10576: $? = 0
configure:10674: checking for gethostbyname
configure:10674: gcc -o conftest -g -O2 -I/usr/include/freetype2 -I/usr/include/libpng16 -D_REENTRANT -I/usr/local/include/SDL2   conftest.c  -lfreetype -L/usr/local/lib -Wl,-rpath,/usr/local/lib -Wl,--enable-new-dtags -lSDL2 >&5
configure:10674: $? = 0
configure:10674: result: yes
configure:10771: checking for connect
configure:10771: gcc -o conftest -g -O2 -I/usr/include/freetype2 -I/usr/include/libpng16 -D_REENTRANT -I/usr/local/include/SDL2   conftest.c  -lfreetype -L/usr/local/lib -Wl,-rpath,/usr/local/lib -Wl,--enable-new-dtags -lSDL2 >&5
configure:10771: $? = 0
configure:10771: result: yes
configure:10820: checking for remove
configure:10820: gcc -o conftest -g -O2 -I/usr/include/freetype2 -I/usr/include/libpng16 -D_REENTRANT -I/usr/local/include/SDL2   conftest.c  -lfreetype -L/usr/local/lib -Wl,-rpath,/usr/local/lib -Wl,--enable-new-dtags -lSDL2 >&5
configure:10820: $? = 0
configure:10820: result: yes
configure:10869: checking for shmat
configure:10869: gcc -o conftest -g -O2 -I/usr/include/freetype2 -I/usr/include/libpng16 -D_REENTRANT -I/usr/local/include/SDL2   conftest.c  -lfreetype -L/usr/local/lib -Wl,-rpath,/usr/local/lib -Wl,--enable-new-dtags -lSDL2 >&5
configure:10869: $? = 0
configure:10869: result: yes
configure:10927: checking for IceConnectionNumber in -lICE
configure:10952: gcc -o conftest -g -O2 -I/usr/include/freetype2 -I/usr/include/libpng16 -D_REENTRANT -I/usr/local/include/SDL2   conftest.c -lICE   -lfreetype -L/usr/local/lib -Wl,-rpath,/usr/local/lib -Wl,--enable-new-dtags -lSDL2 >&5
configure:10952: $? = 0
configure:10961: result: yes
configure:10979: checking for OpenGL support
configure:10999: gcc -o conftest -g -O2 -I/usr/include/freetype2 -I/usr/include/libpng16 -D_REENTRANT -I/usr/local/include/SDL2    conftest.c  -lfreetype -L/usr/local/lib -Wl,-rpath,/usr/local/lib -Wl,--enable-new-dtags -lSDL2  -lGL >&5
configure:10999: $? = 0
configure:11006: result: yes
configure:11159: checking that generated files are newer than configure
configure:11165: result: done
configure:11192: creating ./config.status

## ---------------------- ##
## Running config.status. ##
## ---------------------- ##

This file was extended by config.status, which was
generated by GNU Autoconf 2.69.  Invocation command line was

  CONFIG_FILES    = 
  CONFIG_HEADERS  = 
  CONFIG_LINKS    = 
  CONFIG_COMMANDS = 
  $ ./config.status 

on isel-virtualbox

config.status:1016: creating Makefile
config.status:1016: creating SDL2_ttf.spec
config.status:1016: creating SDL2_ttf.pc
config.status:1188: executing libtool commands
config.status:1188: executing depfiles commands
config.status:1906: cd .       && sed -e '/# am--include-marker/d' Makefile         | make -f - am--depfiles
config.status:1911: $? = 0

## ---------------- ##
## Cache variables. ##
## ---------------- ##

ac_cv_build=x86_64-pc-linux-gnu
ac_cv_c_compiler_gnu=yes
ac_cv_env_CC_set=
ac_cv_env_CC_value=
ac_cv_env_CFLAGS_set=
ac_cv_env_CFLAGS_value=
ac_cv_env_CPPFLAGS_set=
ac_cv_env_CPPFLAGS_value=
ac_cv_env_CPP_set=
ac_cv_env_CPP_value=
ac_cv_env_FT2_CFLAGS_set=
ac_cv_env_FT2_CFLAGS_value=
ac_cv_env_FT2_LIBS_set=
ac_cv_env_FT2_LIBS_value=
ac_cv_env_LDFLAGS_set=
ac_cv_env_LDFLAGS_value=
ac_cv_env_LIBS_set=
ac_cv_env_LIBS_value=
ac_cv_env_PKG_CONFIG_set=
ac_cv_env_PKG_CONFIG_value=
ac_cv_env_SDL_CFLAGS_set=
ac_cv_env_SDL_CFLAGS_value=
ac_cv_env_SDL_LIBS_set=
ac_cv_env_SDL_LIBS_value=
ac_cv_env_XMKMF_set=
ac_cv_env_XMKMF_value=
ac_cv_env_build_alias_set=
ac_cv_env_build_alias_value=
ac_cv_env_host_alias_set=
ac_cv_env_host_alias_value=
ac_cv_env_target_alias_set=
ac_cv_env_target_alias_value=
ac_cv_func_alloca_works=yes
ac_cv_func_connect=yes
ac_cv_func_gethostbyname=yes
ac_cv_func_remove=yes
ac_cv_func_shmat=yes
ac_cv_have_x='have_x=yes	ac_x_includes='\'''\''	ac_x_libraries='\'''\'''
ac_cv_header_dlfcn_h=yes
ac_cv_header_inttypes_h=yes
ac_cv_header_memory_h=yes
ac_cv_header_stdc=yes
ac_cv_header_stdint_h=yes
ac_cv_header_stdlib_h=yes
ac_cv_header_string_h=yes
ac_cv_header_strings_h=yes
ac_cv_header_sys_stat_h=yes
ac_cv_header_sys_types_h=yes
ac_cv_header_unistd_h=yes
ac_cv_host=x86_64-pc-linux-gnu
ac_cv_lib_ICE_IceConnectionNumber=yes
ac_cv_objext=o
ac_cv_path_EGREP='/usr/bin/grep -E'
ac_cv_path_FGREP='/usr/bin/grep -F'
ac_cv_path_GREP=/usr/bin/grep
ac_cv_path_SED=/usr/bin/sed
ac_cv_path_ac_pt_PKG_CONFIG=/usr/bin/pkg-config
ac_cv_path_install='/usr/bin/install -c'
ac_cv_path_mkdir=/usr/bin/mkdir
ac_cv_prog_AWK=mawk
ac_cv_prog_CPP='gcc -E'
ac_cv_prog_ac_ct_AR=ar
ac_cv_prog_ac_ct_CC=gcc
ac_cv_prog_ac_ct_OBJDUMP=objdump
ac_cv_prog_ac_ct_RANLIB=ranlib
ac_cv_prog_ac_ct_STRIP=strip
ac_cv_prog_cc_c89=
ac_cv_prog_cc_g=yes
ac_cv_prog_make_make_set=yes
ac_cv_type_size_t=yes
ac_cv_working_alloca_h=yes
am_cv_CC_dependencies_compiler_type=gcc3
am_cv_make_support_nested_variables=yes
am_cv_prog_cc_c_o=yes
lt_cv_deplibs_check_method=pass_all
lt_cv_file_magic_cmd='$MAGIC_CMD'
lt_cv_file_magic_test_file=
lt_cv_ld_reload_flag=-r
lt_cv_nm_interface='BSD nm'
lt_cv_objdir=.libs
lt_cv_path_LD=/usr/bin/ld
lt_cv_path_NM='/usr/bin/nm -B'
lt_cv_prog_compiler_c_o=yes
lt_cv_prog_compiler_pic_works=yes
lt_cv_prog_compiler_rtti_exceptions=no
lt_cv_prog_compiler_static_works=yes
lt_cv_prog_gnu_ld=yes
lt_cv_sys_global_symbol_pipe='sed -n -e '\''s/^.*[	 ]\([ABCDGIRSTW][ABCDGIRSTW]*\)[	 ][	 ]*\([_A-Za-z][_A-Za-z0-9]*\)$/\1 \2 \2/p'\'''
lt_cv_sys_global_symbol_to_c_name_address='sed -n -e '\''s/^: \([^ ]*\) $/  {\"\1\", (void *) 0},/p'\'' -e '\''s/^[ABCDGIRSTW]* \([^ ]*\) \([^ ]*\)$/  {"\2", (void *) \&\2},/p'\'''
lt_cv_sys_global_symbol_to_c_name_address_lib_prefix='sed -n -e '\''s/^: \([^ ]*\) $/  {\"\1\", (void *) 0},/p'\'' -e '\''s/^[ABCDGIRSTW]* \([^ ]*\) \(lib[^ ]*\)$/  {"\2", (void *) \&\2},/p'\'' -e '\''s/^[ABCDGIRSTW]* \([^ ]*\) \([^ ]*\)$/  {"lib\2", (void *) \&\2},/p'\'''
lt_cv_sys_global_symbol_to_cdecl='sed -n -e '\''s/^T .* \(.*\)$/extern int \1();/p'\'' -e '\''s/^[ABCDGIRSTW]* .* \(.*\)$/extern char \1;/p'\'''
lt_cv_sys_max_cmd_len=1572864
pkg_cv_FT2_CFLAGS='-I/usr/include/freetype2 -I/usr/include/libpng16'
pkg_cv_FT2_LIBS=-lfreetype
pkg_cv_SDL_CFLAGS='-D_REENTRANT -I/usr/local/include/SDL2'
pkg_cv_SDL_LIBS='-L/usr/local/lib -Wl,-rpath,/usr/local/lib -Wl,--enable-new-dtags -lSDL2'

## ----------------- ##
## Output variables. ##
## ----------------- ##

ACLOCAL='${SHELL} /home/isel/GIT/PGTB3/dependencies/SDL2_ttf/missing aclocal-1.16'
ALLOCA=''
AMDEPBACKSLASH='\'
AMDEP_FALSE='#'
AMDEP_TRUE=''
AMTAR='$${TAR-tar}'
AM_BACKSLASH='\'
AM_DEFAULT_V='$(AM_DEFAULT_VERBOSITY)'
AM_DEFAULT_VERBOSITY='1'
AM_V='$(V)'
AR='ar'
AS='as'
AUTOCONF='${SHELL} /home/isel/GIT/PGTB3/dependencies/SDL2_ttf/missing autoconf'
AUTOHEADER='${SHELL} /home/isel/GIT/PGTB3/dependencies/SDL2_ttf/missing autoheader'
AUTOMAKE='${SHELL} /home/isel/GIT/PGTB3/dependencies/SDL2_ttf/missing automake-1.16'
AWK='mawk'
BINARY_AGE='15'
CC='gcc'
CCDEPMODE='depmode=gcc3'
CFLAGS='-g -O2 -I/usr/include/freetype2 -I/usr/include/libpng16 -D_REENTRANT -I/usr/local/include/SDL2  -DHAVE_OPENGL'
CPP='gcc -E'
CPPFLAGS=''
CYGPATH_W='echo'
DEFS='-DPACKAGE_NAME=\"\" -DPACKAGE_TARNAME=\"\" -DPACKAGE_VERSION=\"\" -DPACKAGE_STRING=\"\" -DPACKAGE_BUGREPORT=\"\" -DPACKAGE_URL=\"\" -DSTDC_HEADERS=1 -DHAVE_SYS_TYPES_H=1 -DHAVE_SYS_STAT_H=1 -DHAVE_STDLIB_H=1 -DHAVE_STRING_H=1 -DHAVE_MEMORY_H=1 -DHAVE_STRINGS_H=1 -DHAVE_INTTYPES_H=1 -DHAVE_STDINT_H=1 -DHAVE_UNISTD_H=1 -DHAVE_DLFCN_H=1 -DLT_OBJDIR=\".libs/\" -DPACKAGE=\"SDL2_ttf\" -DVERSION=\"2.0.15\" -DHAVE_ALLOCA_H=1 -DHAVE_ALLOCA=1'
DEPDIR='.deps'
DLLTOOL='dlltool'
DSYMUTIL=''
DUMPBIN=''
ECHO_C=''
ECHO_N='-n'
ECHO_T=''
EGREP='/usr/bin/grep -E'
EXEEXT=''
FGREP='/usr/bin/grep -F'
FT2_CFLAGS='-I/usr/include/freetype2 -I/usr/include/libpng16'
FT2_CONFIG=''
FT2_LIBS='-lfreetype'
GL_LIBS=' -lGL'
GREP='/usr/bin/grep'
INSTALL_DATA='${INSTALL} -m 644'
INSTALL_PROGRAM='${INSTALL}'
INSTALL_SCRIPT='${INSTALL}'
INSTALL_STRIP_PROGRAM='$(install_sh) -c -s'
INTERFACE_AGE='1'
LD='/usr/bin/ld -m elf_x86_64'
LDFLAGS=''
LIBOBJS=''
LIBS=' -lfreetype -L/usr/local/lib -Wl,-rpath,/usr/local/lib -Wl,--enable-new-dtags -lSDL2'
LIBTOOL='$(SHELL) $(top_builddir)/libtool'
LIPO=''
LN_S='ln -s'
LTLIBOBJS=''
LT_AGE='14'
LT_CURRENT='14'
LT_RELEASE='2.0'
LT_REVISION='1'
MAJOR_VERSION='2'
MAKEINFO='${SHELL} /home/isel/GIT/PGTB3/dependencies/SDL2_ttf/missing makeinfo'
MATHLIB='-lm'
MICRO_VERSION='15'
MINOR_VERSION='0'
MKDIR_P='/usr/bin/mkdir -p'
NM='/usr/bin/nm -B'
NMEDIT=''
OBJDUMP='objdump'
OBJEXT='o'
OTOOL64=''
OTOOL=''
PACKAGE='SDL2_ttf'
PACKAGE_BUGREPORT=''
PACKAGE_NAME=''
PACKAGE_STRING=''
PACKAGE_TARNAME=''
PACKAGE_URL=''
PACKAGE_VERSION=''
PATH_SEPARATOR=':'
PKG_CONFIG='/usr/bin/pkg-config'
RANLIB='ranlib'
SDL2_CONFIG='pkg-config sdl2'
SDL_CFLAGS='-D_REENTRANT -I/usr/local/include/SDL2'
SDL_LIBS='-L/usr/local/lib -Wl,-rpath,/usr/local/lib -Wl,--enable-new-dtags -lSDL2'
SDL_VERSION='2.0.8'
SED='/usr/bin/sed'
SET_MAKE=''
SHELL='/bin/bash'
STRIP='strip'
USE_VERSION_RC_FALSE=''
USE_VERSION_RC_TRUE='#'
VERSION='2.0.15'
WINDRES=''
XMKMF=''
X_CFLAGS=''
X_EXTRA_LIBS=''
X_LIBS=''
X_PRE_LIBS=' -lSM -lICE'
ac_ct_CC='gcc'
ac_ct_DUMPBIN=''
am__EXEEXT_FALSE=''
am__EXEEXT_TRUE='#'
am__fastdepCC_FALSE='#'
am__fastdepCC_TRUE=''
am__include='include'
am__isrc=''
am__leading_dot='.'
am__nodep='_no'
am__quote=''
am__tar='$${TAR-tar} chof - "$$tardir"'
am__untar='$${TAR-tar} xf -'
bindir='${exec_prefix}/bin'
build='x86_64-pc-linux-gnu'
build_alias=''
build_cpu='x86_64'
build_os='linux-gnu'
build_vendor='pc'
datadir='${datarootdir}'
datarootdir='${prefix}/share'
docdir='${datarootdir}/doc/${PACKAGE}'
dvidir='${docdir}'
exec_prefix='${prefix}'
host='x86_64-pc-linux-gnu'
host_alias=''
host_cpu='x86_64'
host_os='linux-gnu'
host_vendor='pc'
htmldir='${docdir}'
includedir='${prefix}/include'
infodir='${datarootdir}/info'
install_sh='${SHELL} /home/isel/GIT/PGTB3/dependencies/SDL2_ttf/install-sh'
libdir='${exec_prefix}/lib'
libexecdir='${exec_prefix}/libexec'
localedir='${datarootdir}/locale'
localstatedir='${prefix}/var'
lt_ECHO='echo'
mandir='${datarootdir}/man'
mkdir_p='$(MKDIR_P)'
oldincludedir='/usr/include'
pdfdir='${docdir}'
prefix='/usr/local'
program_transform_name='s,x,x,'
psdir='${docdir}'
sbindir='${exec_prefix}/sbin'
sharedstatedir='${prefix}/com'
sysconfdir='${prefix}/etc'
target_alias=''

## ----------- ##
## confdefs.h. ##
## ----------- ##

/* confdefs.h */
#define PACKAGE_NAME ""
#define PACKAGE_TARNAME ""
#define PACKAGE_VERSION ""
#define PACKAGE_STRING ""
#define PACKAGE_BUGREPORT ""
#define PACKAGE_URL ""
#define STDC_HEADERS 1
#define HAVE_SYS_TYPES_H 1
#define HAVE_SYS_STAT_H 1
#define HAVE_STDLIB_H 1
#define HAVE_STRING_H 1
#define HAVE_MEMORY_H 1
#define HAVE_STRINGS_H 1
#define HAVE_INTTYPES_H 1
#define HAVE_STDINT_H 1
#define HAVE_UNISTD_H 1
#define HAVE_DLFCN_H 1
#define LT_OBJDIR ".libs/"
#define PACKAGE "SDL2_ttf"
#define VERSION "2.0.15"
#define HAVE_ALLOCA_H 1
#define HAVE_ALLOCA 1

configure: exit 0
